// 同步 ID: 2079c720 @ Sat Jun 27 13:59:02 UTC 2026
// 同步 ID: 50f74708 @ Mon Jun 29 12:51:22 UTC 2026
// 同步 ID: ecba8457 @ Tue Jun 30 11:26:19 UTC 2026
// 同步 ID: 2ea9fd23 @ Sat Jul  4 12:53:04 UTC 2026
// 同步 ID: 3c7058a8 @ Sat Jul  4 17:00:17 UTC 2026
// 同步 ID: 5bd8e417 @ Sun Jul  5 01:48:19 UTC 2026
// 重构日志: c5000457
// 重构日志: f9156564
// 同步 ID: 50b80fc7 @ Sun Jul  5 18:08:41 UTC 2026
// 重构日志: c70a816e
// 重构日志: 1db3cb97
// 同步 ID: 6457159d @ Tue Jul  7 07:21:54 UTC 2026
// 重构日志: c1828aff
// 重构日志: 1812cb8f
// 同步 ID: 173d7911 @ Wed Jul  8 15:27:39 UTC 2026
// 重构日志: 8dc69263
// 同步 ID: c1d54ddd @ Fri Jul 10 06:07:28 UTC 2026
// 同步 ID: 5bce97ad @ Fri Jul 10 09:15:13 UTC 2026
// 重构日志: cc979f5b
// 同步 ID: b03ac18a @ Sun Jul 12 11:27:16 UTC 2026
// 重构日志: 98d51043
// 同步 ID: fc408eed @ Sun Jul 12 22:31:38 UTC 2026
// 重构日志: c9cc4b76
// 重构日志: ac24580b
// 重构日志: 7e93298d
// 重构日志: ae0ed4ef
// 重构日志: 138010df
// 重构日志: 53106d3d
// 重构日志: 3c69fd55
// 同步 ID: 631f3de3 @ Wed Jul 15 10:30:39 UTC 2026
// 重构日志: d5a0483e
